# JRE version: OpenJDK Runtime Environment (8.0_242-b01) (build 1.8.0_242-release-1644-b01)
# Java VM: OpenJDK 64-Bit Server VM (25.242-b01 mixed mode windows-amd64 compressed oops)
Heap:
 PSYoungGen      total 262144K, used 58702K [0x00000000d5580000, 0x00000000e7780000, 0x0000000100000000)
  eden space 242176K, 24% used [0x00000000d5580000,0x00000000d8ed3b90,0x00000000e4200000)
  from space 19968K, 0% used [0x00000000e5600000,0x00000000e5600000,0x00000000e6980000)
  to   space 20480K, 0% used [0x00000000e4200000,0x00000000e4200000,0x00000000e5600000)
 ParOldGen       total 100352K, used 29554K [0x0000000080000000, 0x0000000086200000, 0x00000000d5580000)
  object space 100352K, 29% used [0x0000000080000000,0x0000000081cdca40,0x0000000086200000)
 Metaspace       used 60617K, capacity 63116K, committed 63256K, reserved 1103872K
  class space    used 8387K, capacity 8915K, committed 9008K, reserved 1048576K
GC Heap History (10 events):
Event: 15.635 GC heap before
{Heap before GC invocations=11 (full 2):
 PSYoungGen      total 139264K, used 11030K [0x00000000d5580000, 0x00000000e2480000, 0x0000000100000000)
  eden space 128000K, 0% used [0x00000000d5580000,0x00000000d5580000,0x00000000dd280000)
  from space 11264K, 97% used [0x00000000dd280000,0x00000000ddd45a18,0x00000000ddd80000)
  to   space 12800K, 0% used [0x00000000e1800000,0x00000000e1800000,0x00000000e2480000)
 ParOldGen       total 47616K, used 6651K [0x0000000080000000, 0x0000000082e80000, 0x00000000d5580000)
  object space 47616K, 13% used [0x0000000080000000,0x000000008067eeb8,0x0000000082e80000)
 Metaspace       used 34257K, capacity 35412K, committed 35496K, reserved 1079296K
  class space    used 4712K, capacity 5001K, committed 5040K, reserved 1048576K
Event: 15.816 GC heap after
Heap after GC invocations=11 (full 2):
 PSYoungGen      total 139264K, used 0K [0x00000000d5580000, 0x00000000e2480000, 0x0000000100000000)
  eden space 128000K, 0% used [0x00000000d5580000,0x00000000d5580000,0x00000000dd280000)
  from space 11264K, 0% used [0x00000000dd280000,0x00000000dd280000,0x00000000ddd80000)
  to   space 12800K, 0% used [0x00000000e1800000,0x00000000e1800000,0x00000000e2480000)
 ParOldGen       total 69120K, used 17238K [0x0000000080000000, 0x0000000084380000, 0x00000000d5580000)
  object space 69120K, 24% used [0x0000000080000000,0x00000000810d5b08,0x0000000084380000)
 Metaspace       used 34257K, capacity 35412K, committed 35496K, reserved 1079296K
  class space    used 4712K, capacity 5001K, committed 5040K, reserved 1048576K
}
Event: 18.355 GC heap before
{Heap before GC invocations=12 (full 2):
 PSYoungGen      total 139264K, used 128000K [0x00000000d5580000, 0x00000000e2480000, 0x0000000100000000)
  eden space 128000K, 100% used [0x00000000d5580000,0x00000000dd280000,0x00000000dd280000)
  from space 11264K, 0% used [0x00000000dd280000,0x00000000dd280000,0x00000000ddd80000)
  to   space 12800K, 0% used [0x00000000e1800000,0x00000000e1800000,0x00000000e2480000)
 ParOldGen       total 69120K, used 17238K [0x0000000080000000, 0x0000000084380000, 0x00000000d5580000)
  object space 69120K, 24% used [0x0000000080000000,0x00000000810d5b08,0x0000000084380000)
 Metaspace       used 40091K, capacity 41866K, committed 42152K, reserved 1085440K
  class space    used 5530K, capacity 5943K, committed 6064K, reserved 1048576K
Event: 18.375 GC heap after
Heap after GC invocations=12 (full 2):
 PSYoungGen      total 188416K, used 9905K [0x00000000d5580000, 0x00000000e2200000, 0x0000000100000000)
  eden space 178176K, 0% used [0x00000000d5580000,0x00000000d5580000,0x00000000e0380000)
  from space 10240K, 96% used [0x00000000e1800000,0x00000000e21ac510,0x00000000e2200000)
  to   space 13312K, 0% used [0x00000000e0800000,0x00000000e0800000,0x00000000e1500000)
 ParOldGen       total 69120K, used 17246K [0x0000000080000000, 0x0000000084380000, 0x00000000d5580000)
  object space 69120K, 24% used [0x0000000080000000,0x00000000810d7b08,0x0000000084380000)
 Metaspace       used 40091K, capacity 41866K, committed 42152K, reserved 1085440K
  class space    used 5530K, capacity 5943K, committed 6064K, reserved 1048576K
}
Event: 21.949 GC heap before
{Heap before GC invocations=13 (full 2):
 PSYoungGen      total 188416K, used 188081K [0x00000000d5580000, 0x00000000e2200000, 0x0000000100000000)
  eden space 178176K, 100% used [0x00000000d5580000,0x00000000e0380000,0x00000000e0380000)
  from space 10240K, 96% used [0x00000000e1800000,0x00000000e21ac510,0x00000000e2200000)
  to   space 13312K, 0% used [0x00000000e0800000,0x00000000e0800000,0x00000000e1500000)
 ParOldGen       total 69120K, used 17246K [0x0000000080000000, 0x0000000084380000, 0x00000000d5580000)
  object space 69120K, 24% used [0x0000000080000000,0x00000000810d7b08,0x0000000084380000)
 Metaspace       used 56002K, capacity 58268K, committed 58408K, reserved 1099776K
  class space    used 7643K, capacity 8125K, committed 8240K, reserved 1048576K
Event: 22.004 GC heap after
Heap after GC invocations=13 (full 2):
 PSYoungGen      total 196096K, used 13285K [0x00000000d5580000, 0x00000000e6980000, 0x0000000100000000)
  eden space 182784K, 0% used [0x00000000d5580000,0x00000000d5580000,0x00000000e0800000)
  from space 13312K, 99% used [0x00000000e0800000,0x00000000e14f9688,0x00000000e1500000)
  to   space 19968K, 0% used [0x00000000e5600000,0x00000000e5600000,0x00000000e6980000)
 ParOldGen       total 69120K, used 30899K [0x0000000080000000, 0x0000000084380000, 0x00000000d5580000)
  object space 69120K, 44% used [0x0000000080000000,0x0000000081e2ce10,0x0000000084380000)
 Metaspace       used 56002K, capacity 58268K, committed 58408K, reserved 1099776K
  class space    used 7643K, capacity 8125K, committed 8240K, reserved 1048576K
}
Event: 22.251 GC heap before
{Heap before GC invocations=14 (full 2):
 PSYoungGen      total 196096K, used 26211K [0x00000000d5580000, 0x00000000e6980000, 0x0000000100000000)
  eden space 182784K, 7% used [0x00000000d5580000,0x00000000d621f768,0x00000000e0800000)
  from space 13312K, 99% used [0x00000000e0800000,0x00000000e14f9688,0x00000000e1500000)
  to   space 19968K, 0% used [0x00000000e5600000,0x00000000e5600000,0x00000000e6980000)
 ParOldGen       total 69120K, used 30899K [0x0000000080000000, 0x0000000084380000, 0x00000000d5580000)
  object space 69120K, 44% used [0x0000000080000000,0x0000000081e2ce10,0x0000000084380000)
 Metaspace       used 56844K, capacity 59146K, committed 59160K, reserved 1099776K
  class space    used 7772K, capacity 8238K, committed 8240K, reserved 1048576K
Event: 22.281 GC heap after
Heap after GC invocations=14 (full 2):
 PSYoungGen      total 262144K, used 1280K [0x00000000d5580000, 0x00000000e7780000, 0x0000000100000000)
  eden space 242176K, 0% used [0x00000000d5580000,0x00000000d5580000,0x00000000e4200000)
  from space 19968K, 6% used [0x00000000e5600000,0x00000000e5740000,0x00000000e6980000)
  to   space 20480K, 0% used [0x00000000e4200000,0x00000000e4200000,0x00000000e5600000)
 ParOldGen       total 69120K, used 42297K [0x0000000080000000, 0x0000000084380000, 0x00000000d5580000)
  object space 69120K, 61% used [0x0000000080000000,0x000000008294e6a8,0x0000000084380000)
 Metaspace       used 56844K, capacity 59146K, committed 59160K, reserved 1099776K
  class space    used 7772K, capacity 8238K, committed 8240K, reserved 1048576K
}
Event: 22.282 GC heap before
{Heap before GC invocations=15 (full 3):
 PSYoungGen      total 262144K, used 1280K [0x00000000d5580000, 0x00000000e7780000, 0x0000000100000000)
  eden space 242176K, 0% used [0x00000000d5580000,0x00000000d5580000,0x00000000e4200000)
  from space 19968K, 6% used [0x00000000e5600000,0x00000000e5740000,0x00000000e6980000)
  to   space 20480K, 0% used [0x00000000e4200000,0x00000000e4200000,0x00000000e5600000)
 ParOldGen       total 69120K, used 42297K [0x0000000080000000, 0x0000000084380000, 0x00000000d5580000)
  object space 69120K, 61% used [0x0000000080000000,0x000000008294e6a8,0x0000000084380000)
 Metaspace       used 56844K, capacity 59146K, committed 59160K, reserved 1099776K
  class space    used 7772K, capacity 8238K, committed 8240K, reserved 1048576K
Event: 22.558 GC heap after
Heap after GC invocations=15 (full 3):
 PSYoungGen      total 262144K, used 0K [0x00000000d5580000, 0x00000000e7780000, 0x0000000100000000)
  eden space 242176K, 0% used [0x00000000d5580000,0x00000000d5580000,0x00000000e4200000)
  from space 19968K, 0% used [0x00000000e5600000,0x00000000e5600000,0x00000000e6980000)
  to   space 20480K, 0% used [0x00000000e4200000,0x00000000e4200000,0x00000000e5600000)
 ParOldGen       total 100352K, used 29554K [0x0000000080000000, 0x0000000086200000, 0x00000000d5580000)
  object space 100352K, 29% used [0x0000000080000000,0x0000000081cdca40,0x0000000086200000)
 Metaspace       used 56822K, capacity 59074K, committed 59160K, reserved 1099776K
  class space    used 7765K, capacity 8226K, committed 8240K, reserved 1048576K
}

