# JRE version: OpenJDK Runtime Environment (8.0_242-b01) (build 1.8.0_242-release-1644-b01)
# Java VM: OpenJDK 64-Bit Server VM (25.242-b01 mixed mode windows-amd64 compressed oops)
Heap:
 PSYoungGen      total 541696K, used 191114K [0x00000000d5580000, 0x00000000fd380000, 0x0000000100000000)
  eden space 479232K, 39% used [0x00000000d5580000,0x00000000e1022968,0x00000000f2980000)
  from space 62464K, 0% used [0x00000000f2980000,0x00000000f2980000,0x00000000f6680000)
  to   space 58880K, 0% used [0x00000000f9a00000,0x00000000f9a00000,0x00000000fd380000)
 ParOldGen       total 203264K, used 85395K [0x0000000080000000, 0x000000008c680000, 0x00000000d5580000)
  object space 203264K, 42% used [0x0000000080000000,0x0000000085364c18,0x000000008c680000)
 Metaspace       used 119327K, capacity 124792K, committed 125592K, reserved 1159168K
  class space    used 15020K, capacity 16088K, committed 16304K, reserved 1048576K
GC Heap History (10 events):
Event: 40.273 GC heap before
{Heap before GC invocations=20 (full 4):
 PSYoungGen      total 375808K, used 349696K [0x00000000d5580000, 0x00000000f5680000, 0x0000000100000000)
  eden space 349696K, 100% used [0x00000000d5580000,0x00000000eab00000,0x00000000eab00000)
  from space 26112K, 0% used [0x00000000eab00000,0x00000000eab00000,0x00000000ec480000)
  to   space 34304K, 0% used [0x00000000f3500000,0x00000000f3500000,0x00000000f5680000)
 ParOldGen       total 163840K, used 82972K [0x0000000080000000, 0x000000008a000000, 0x00000000d5580000)
  object space 163840K, 50% used [0x0000000080000000,0x0000000085107118,0x000000008a000000)
 Metaspace       used 99792K, capacity 104650K, committed 104856K, reserved 1140736K
  class space    used 13192K, capacity 14157K, committed 14256K, reserved 1048576K
Event: 40.389 GC heap after
Heap after GC invocations=20 (full 4):
 PSYoungGen      total 473088K, used 34288K [0x00000000d5580000, 0x00000000f5680000, 0x0000000100000000)
  eden space 438784K, 0% used [0x00000000d5580000,0x00000000d5580000,0x00000000f0200000)
  from space 34304K, 99% used [0x00000000f3500000,0x00000000f567c148,0x00000000f5680000)
  to   space 41984K, 0% used [0x00000000f0480000,0x00000000f0480000,0x00000000f2d80000)
 ParOldGen       total 163840K, used 89313K [0x0000000080000000, 0x000000008a000000, 0x00000000d5580000)
  object space 163840K, 54% used [0x0000000080000000,0x0000000085738460,0x000000008a000000)
 Metaspace       used 99792K, capacity 104650K, committed 104856K, reserved 1140736K
  class space    used 13192K, capacity 14157K, committed 14256K, reserved 1048576K
}
Event: 855.588 GC heap before
{Heap before GC invocations=21 (full 4):
 PSYoungGen      total 473088K, used 473072K [0x00000000d5580000, 0x00000000f5680000, 0x0000000100000000)
  eden space 438784K, 100% used [0x00000000d5580000,0x00000000f0200000,0x00000000f0200000)
  from space 34304K, 99% used [0x00000000f3500000,0x00000000f567c148,0x00000000f5680000)
  to   space 41984K, 0% used [0x00000000f0480000,0x00000000f0480000,0x00000000f2d80000)
 ParOldGen       total 163840K, used 89313K [0x0000000080000000, 0x000000008a000000, 0x00000000d5580000)
  object space 163840K, 54% used [0x0000000080000000,0x0000000085738460,0x000000008a000000)
 Metaspace       used 104891K, capacity 109978K, committed 110104K, reserved 1144832K
  class space    used 13562K, capacity 14541K, committed 14640K, reserved 1048576K
Event: 855.749 GC heap after
Heap after GC invocations=21 (full 4):
 PSYoungGen      total 483328K, used 12774K [0x00000000d5580000, 0x00000000f8e00000, 0x0000000100000000)
  eden space 441344K, 0% used [0x00000000d5580000,0x00000000d5580000,0x00000000f0480000)
  from space 41984K, 30% used [0x00000000f0480000,0x00000000f10f98c0,0x00000000f2d80000)
  to   space 40448K, 0% used [0x00000000f6680000,0x00000000f6680000,0x00000000f8e00000)
 ParOldGen       total 163840K, used 93307K [0x0000000080000000, 0x000000008a000000, 0x00000000d5580000)
  object space 163840K, 56% used [0x0000000080000000,0x0000000085b1ef98,0x000000008a000000)
 Metaspace       used 104891K, capacity 109978K, committed 110104K, reserved 1144832K
  class space    used 13562K, capacity 14541K, committed 14640K, reserved 1048576K
}
Event: 875.675 GC heap before
{Heap before GC invocations=22 (full 4):
 PSYoungGen      total 483328K, used 454118K [0x00000000d5580000, 0x00000000f8e00000, 0x0000000100000000)
  eden space 441344K, 100% used [0x00000000d5580000,0x00000000f0480000,0x00000000f0480000)
  from space 41984K, 30% used [0x00000000f0480000,0x00000000f10f98c0,0x00000000f2d80000)
  to   space 40448K, 0% used [0x00000000f6680000,0x00000000f6680000,0x00000000f8e00000)
 ParOldGen       total 163840K, used 93307K [0x0000000080000000, 0x000000008a000000, 0x00000000d5580000)
  object space 163840K, 56% used [0x0000000080000000,0x0000000085b1ef98,0x000000008a000000)
 Metaspace       used 112094K, capacity 117416K, committed 117528K, reserved 1150976K
  class space    used 14321K, capacity 15372K, committed 15408K, reserved 1048576K
Event: 876.068 GC heap after
Heap after GC invocations=22 (full 4):
 PSYoungGen      total 519680K, used 40446K [0x00000000d5580000, 0x00000000fbc00000, 0x0000000100000000)
  eden space 479232K, 0% used [0x00000000d5580000,0x00000000d5580000,0x00000000f2980000)
  from space 40448K, 99% used [0x00000000f6680000,0x00000000f8dffb18,0x00000000f8e00000)
  to   space 62464K, 0% used [0x00000000f2980000,0x00000000f2980000,0x00000000f6680000)
 ParOldGen       total 163840K, used 135975K [0x0000000080000000, 0x000000008a000000, 0x00000000d5580000)
  object space 163840K, 82% used [0x0000000080000000,0x00000000884c9e40,0x000000008a000000)
 Metaspace       used 112094K, capacity 117416K, committed 117528K, reserved 1150976K
  class space    used 14321K, capacity 15372K, committed 15408K, reserved 1048576K
}
Event: 2136.046 GC heap before
{Heap before GC invocations=23 (full 4):
 PSYoungGen      total 519680K, used 519678K [0x00000000d5580000, 0x00000000fbc00000, 0x0000000100000000)
  eden space 479232K, 100% used [0x00000000d5580000,0x00000000f2980000,0x00000000f2980000)
  from space 40448K, 99% used [0x00000000f6680000,0x00000000f8dffb18,0x00000000f8e00000)
  to   space 62464K, 0% used [0x00000000f2980000,0x00000000f2980000,0x00000000f6680000)
 ParOldGen       total 163840K, used 135975K [0x0000000080000000, 0x000000008a000000, 0x00000000d5580000)
  object space 163840K, 82% used [0x0000000080000000,0x00000000884c9e40,0x000000008a000000)
 Metaspace       used 116909K, capacity 122752K, committed 122904K, reserved 1157120K
  class space    used 14790K, capacity 15916K, committed 15920K, reserved 1048576K
Event: 2136.799 GC heap after
Heap after GC invocations=23 (full 4):
 PSYoungGen      total 541696K, used 22840K [0x00000000d5580000, 0x00000000fd380000, 0x0000000100000000)
  eden space 479232K, 0% used [0x00000000d5580000,0x00000000d5580000,0x00000000f2980000)
  from space 62464K, 36% used [0x00000000f2980000,0x00000000f3fce398,0x00000000f6680000)
  to   space 58880K, 0% used [0x00000000f9a00000,0x00000000f9a00000,0x00000000fd380000)
 ParOldGen       total 167424K, used 167384K [0x0000000080000000, 0x000000008a380000, 0x00000000d5580000)
  object space 167424K, 99% used [0x0000000080000000,0x000000008a376300,0x000000008a380000)
 Metaspace       used 116909K, capacity 122752K, committed 122904K, reserved 1157120K
  class space    used 14790K, capacity 15916K, committed 15920K, reserved 1048576K
}
Event: 2136.799 GC heap before
{Heap before GC invocations=24 (full 5):
 PSYoungGen      total 541696K, used 22840K [0x00000000d5580000, 0x00000000fd380000, 0x0000000100000000)
  eden space 479232K, 0% used [0x00000000d5580000,0x00000000d5580000,0x00000000f2980000)
  from space 62464K, 36% used [0x00000000f2980000,0x00000000f3fce398,0x00000000f6680000)
  to   space 58880K, 0% used [0x00000000f9a00000,0x00000000f9a00000,0x00000000fd380000)
 ParOldGen       total 167424K, used 167384K [0x0000000080000000, 0x000000008a380000, 0x00000000d5580000)
  object space 167424K, 99% used [0x0000000080000000,0x000000008a376300,0x000000008a380000)
 Metaspace       used 116909K, capacity 122752K, committed 122904K, reserved 1157120K
  class space    used 14790K, capacity 15916K, committed 15920K, reserved 1048576K
Event: 2139.047 GC heap after
Heap after GC invocations=24 (full 5):
 PSYoungGen      total 541696K, used 0K [0x00000000d5580000, 0x00000000fd380000, 0x0000000100000000)
  eden space 479232K, 0% used [0x00000000d5580000,0x00000000d5580000,0x00000000f2980000)
  from space 62464K, 0% used [0x00000000f2980000,0x00000000f2980000,0x00000000f6680000)
  to   space 58880K, 0% used [0x00000000f9a00000,0x00000000f9a00000,0x00000000fd380000)
 ParOldGen       total 203264K, used 85395K [0x0000000080000000, 0x000000008c680000, 0x00000000d5580000)
  object space 203264K, 42% used [0x0000000080000000,0x0000000085364c18,0x000000008c680000)
 Metaspace       used 116494K, capacity 121948K, committed 122904K, reserved 1157120K
  class space    used 14699K, capacity 15750K, committed 15920K, reserved 1048576K
}

